[debug] [2023-05-18T08:47:41.762Z] ----------------------------------------------------------------------
[debug] [2023-05-18T08:47:41.765Z] Command:       C:\Program Files\nodejs\node.exe C:\Users\Cong_Saude\AppData\Roaming\npm\node_modules\firebase-tools\lib\bin\firebase.js init
[debug] [2023-05-18T08:47:41.765Z] CLI Version:   12.0.0
[debug] [2023-05-18T08:47:41.766Z] Platform:      win32
[debug] [2023-05-18T08:47:41.766Z] Node Version:  v18.16.0
[debug] [2023-05-18T08:47:41.767Z] Time:          Thu May 18 2023 05:47:41 GMT-0300 (Horário Padrão de Brasília)
[debug] [2023-05-18T08:47:41.767Z] ----------------------------------------------------------------------
[debug] 
[debug] [2023-05-18T08:47:41.875Z] > command requires scopes: ["email","openid","https://www.googleapis.com/auth/cloudplatformprojects.readonly","https://www.googleapis.com/auth/firebase","https://www.googleapis.com/auth/cloud-platform"]
[debug] [2023-05-18T08:47:41.877Z] > authorizing via signed-in user (ykykani@gmail.com)
[info] 
     ######## #### ########  ######## ########     ###     ######  ########
     ##        ##  ##     ## ##       ##     ##  ##   ##  ##       ##
     ######    ##  ########  ######   ########  #########  ######  ######
     ##        ##  ##    ##  ##       ##     ## ##     ##       ## ##
     ##       #### ##     ## ######## ########  ##     ##  ######  ########

You're about to initialize a Firebase project in this directory:

  C:\Users\Cong_Saude\Desktop\dev\cong_saude_poc\congsaudepoc

Before we get started, keep in mind:

  * You are initializing within an existing Firebase project directory

[info] 
=== Project Setup
[info] 
[info] First, let's associate this project directory with a Firebase project.
[info] You can create multiple project aliases by running firebase use --add, 
[info] but for now we'll just set up a default project.
[info] 
[debug] [2023-05-18T08:48:25.525Z] Using project from CLI flag: territorio-saude
[debug] [2023-05-18T08:48:25.528Z] > refreshing access token with scopes: []
[debug] [2023-05-18T08:48:25.530Z] >>> [apiv2][query] POST https://www.googleapis.com/oauth2/v3/token [none]
[debug] [2023-05-18T08:48:25.530Z] >>> [apiv2][body] POST https://www.googleapis.com/oauth2/v3/token [omitted]
[debug] [2023-05-18T08:48:25.795Z] <<< [apiv2][status] POST https://www.googleapis.com/oauth2/v3/token 200
[debug] [2023-05-18T08:48:25.795Z] <<< [apiv2][body] POST https://www.googleapis.com/oauth2/v3/token [omitted]
[debug] [2023-05-18T08:48:25.904Z] >>> [apiv2][query] GET https://firebase.googleapis.com/v1beta1/projects/territorio-saude [none]
[debug] [2023-05-18T08:48:26.389Z] <<< [apiv2][status] GET https://firebase.googleapis.com/v1beta1/projects/territorio-saude 200
[debug] [2023-05-18T08:48:26.389Z] <<< [apiv2][body] GET https://firebase.googleapis.com/v1beta1/projects/territorio-saude {"projectId":"territorio-saude","projectNumber":"175767385113","displayName":"Territorio Saude","name":"projects/territorio-saude","resources":{"hostingSite":"territorio-saude","realtimeDatabaseInstance":"territorio-saude-default-rtdb"},"state":"ACTIVE","etag":"1_33f55020-580f-41c6-8c39-ef9056f9e5d9"}
[info] i  Using project territorio-saude (Territorio Saude) 
[info] 
=== Hosting Setup
[info] 
[info] Your public directory is the folder (relative to your project directory) that
[info] will contain Hosting assets to be uploaded with firebase deploy. If you
[info] have a build process for your assets, use your build's output directory.
[info] 
[debug] [2023-05-18T08:55:16.290Z] ----------------------------------------------------------------------
[debug] [2023-05-18T08:55:16.293Z] Command:       C:\Program Files\nodejs\node.exe C:\Users\Cong_Saude\AppData\Roaming\npm\node_modules\firebase-tools\lib\bin\firebase.js init
[debug] [2023-05-18T08:55:16.293Z] CLI Version:   12.0.0
[debug] [2023-05-18T08:55:16.294Z] Platform:      win32
[debug] [2023-05-18T08:55:16.294Z] Node Version:  v18.16.0
[debug] [2023-05-18T08:55:16.295Z] Time:          Thu May 18 2023 05:55:16 GMT-0300 (Horário Padrão de Brasília)
[debug] [2023-05-18T08:55:16.295Z] ----------------------------------------------------------------------
[debug] 
[debug] [2023-05-18T08:55:16.384Z] > command requires scopes: ["email","openid","https://www.googleapis.com/auth/cloudplatformprojects.readonly","https://www.googleapis.com/auth/firebase","https://www.googleapis.com/auth/cloud-platform"]
[debug] [2023-05-18T08:55:16.385Z] > authorizing via signed-in user (ykykani@gmail.com)
[info] 
     ######## #### ########  ######## ########     ###     ######  ########
     ##        ##  ##     ## ##       ##     ##  ##   ##  ##       ##
     ######    ##  ########  ######   ########  #########  ######  ######
     ##        ##  ##    ##  ##       ##     ## ##     ##       ## ##
     ##       #### ##     ## ######## ########  ##     ##  ######  ########

You're about to initialize a Firebase project in this directory:

  C:\Users\Cong_Saude\Desktop\dev\cong_saude_poc\congsaudepoc

Before we get started, keep in mind:

  * You are initializing within an existing Firebase project directory

[info] 
=== Project Setup
[info] 
[info] First, let's associate this project directory with a Firebase project.
[info] You can create multiple project aliases by running firebase use --add, 
[info] but for now we'll just set up a default project.
[info] 
[debug] [2023-05-18T08:55:28.706Z] Using project from CLI flag: territorio-saude
[debug] [2023-05-18T08:55:28.709Z] >>> [apiv2][query] GET https://firebase.googleapis.com/v1beta1/projects/territorio-saude [none]
[debug] [2023-05-18T08:55:29.320Z] <<< [apiv2][status] GET https://firebase.googleapis.com/v1beta1/projects/territorio-saude 200
[debug] [2023-05-18T08:55:29.320Z] <<< [apiv2][body] GET https://firebase.googleapis.com/v1beta1/projects/territorio-saude {"projectId":"territorio-saude","projectNumber":"175767385113","displayName":"Territorio Saude","name":"projects/territorio-saude","resources":{"hostingSite":"territorio-saude","realtimeDatabaseInstance":"territorio-saude-default-rtdb"},"state":"ACTIVE","etag":"1_33f55020-580f-41c6-8c39-ef9056f9e5d9"}
[info] i  Using project territorio-saude (Territorio Saude) 
[info] 
=== Hosting Setup
[info] 
[info] Your public directory is the folder (relative to your project directory) that
[info] will contain Hosting assets to be uploaded with firebase deploy. If you
[info] have a build process for your assets, use your build's output directory.
[info] 
[debug] [2023-05-18T08:55:50.794Z] >>> [apiv2][query] GET https://www.gstatic.com/firebasejs/releases.json [none]
[debug] [2023-05-18T08:55:53.347Z] <<< [apiv2][status] GET https://www.gstatic.com/firebasejs/releases.json 200
[debug] [2023-05-18T08:55:53.347Z] <<< [apiv2][body] GET https://www.gstatic.com/firebasejs/releases.json {"current":{"version":"9.22.0","browserURL":"https://www.gstatic.com/firebasejs/9.22.0/firebase.js","packageURL":"https://www.gstatic.com/firebasejs/9.22.0/firebase.tgz"},"live":{"version":"9.22","browserURL":"https://www.gstatic.com/firebasejs/live/9.22/firebase.js","packageURL":"https://www.gstatic.com/firebasejs/live/9.22/firebase.tgz"},"components":{"analytics":"https://www.gstatic.com/firebasejs/9.22.0/firebase-analytics.js","app":"https://www.gstatic.com/firebasejs/9.22.0/firebase-app.js","app-check":"https://www.gstatic.com/firebasejs/9.22.0/firebase-app-check.js","auth":"https://www.gstatic.com/firebasejs/9.22.0/firebase-auth.js","auth/cordova":"https://www.gstatic.com/firebasejs/9.22.0/firebase-auth/cordova.js","auth/react-native":"https://www.gstatic.com/firebasejs/9.22.0/firebase-auth/react-native.js","functions":"https://www.gstatic.com/firebasejs/9.22.0/firebase-functions.js","firestore":"https://www.gstatic.com/firebasejs/9.22.0/firebase-firestore.js","firestore/lite":"https://www.gstatic.com/firebasejs/9.22.0/firebase-firestore/lite.js","installations":"https://www.gstatic.com/firebasejs/9.22.0/firebase-installations.js","storage":"https://www.gstatic.com/firebasejs/9.22.0/firebase-storage.js","performance":"https://www.gstatic.com/firebasejs/9.22.0/firebase-performance.js","remote-config":"https://www.gstatic.com/firebasejs/9.22.0/firebase-remote-config.js","messaging":"https://www.gstatic.com/firebasejs/9.22.0/firebase-messaging.js","messaging/sw":"https://www.gstatic.com/firebasejs/9.22.0/firebase-messaging/sw.js","database":"https://www.gstatic.com/firebasejs/9.22.0/firebase-database.js","firestore.memory":"https://www.gstatic.com/firebasejs/9.22.0/firebase-firestore.memory.js"}}
